cardverificationsheet/build/intermediates/manifest_merge_blame_file/debug/manifest-merger-blame-debug-report.txt
1<?xml version="1.0" encoding="utf-8"?>
2<manifest xmlns:android="http://schemas.android.com/apk/res/android"
3    package="com.stripe.android.cardverificationsheet" >
4
5    <uses-sdk
6        android:minSdkVersion="21"
6-->src/main/AndroidManifest.xml
7        android:targetSdkVersion="31" />
7-->src/main/AndroidManifest.xml
8
9    <uses-permission android:name="android.permission.CAMERA" />
9-->src/main/AndroidManifest.xml:5:5-65
9-->src/main/AndroidManifest.xml:5:22-62
10    <uses-permission android:name="android.permission.FLASHLIGHT" />
10-->src/main/AndroidManifest.xml:6:5-69
10-->src/main/AndroidManifest.xml:6:22-66
11
12    <uses-feature
12-->src/main/AndroidManifest.xml:8:5-85
13        android:name="android.hardware.camera"
13-->src/main/AndroidManifest.xml:8:19-57
14        android:required="false" />
14-->src/main/AndroidManifest.xml:8:58-82
15    <uses-feature
15-->src/main/AndroidManifest.xml:9:5-95
16        android:name="android.hardware.camera.autofocus"
16-->src/main/AndroidManifest.xml:9:19-67
17        android:required="false" />
17-->src/main/AndroidManifest.xml:9:68-92
18
19    <uses-permission android:name="android.permission.INTERNET" />
19-->src/main/AndroidManifest.xml:11:5-67
19-->src/main/AndroidManifest.xml:11:22-64
20
21    <application>
21-->src/main/AndroidManifest.xml:13:5-18:19
22        <activity
22-->src/main/AndroidManifest.xml:14:9-17:57
23            android:name="com.stripe.android.cardverificationsheet.cardverifyui.CardVerifyActivity"
23-->src/main/AndroidManifest.xml:15:13-60
24            android:screenOrientation="nosensor"
24-->src/main/AndroidManifest.xml:16:13-49
25            android:theme="@style/stripeDefaultTheme" />
25-->src/main/AndroidManifest.xml:17:13-54
26    </application>
27
28</manifest>